-------------------------------------------------------------------------------
Test set: com.example.ProduceConsumeApplicationTests
-------------------------------------------------------------------------------
Tests run: 1, Failures: 0, Errors: 1, Skipped: 0, Time elapsed: 142.696 s <<< FAILURE! - in com.example.ProduceConsumeApplicationTests
contextLoads  Time elapsed: 0.001 s  <<< ERROR!
java.lang.IllegalStateException: Failed to load ApplicationContext
Caused by: org.springframework.context.ApplicationContextException: Failed to start bean 'org.springframework.kafka.config.internalKafkaListenerEndpointRegistry'; nested exception is java.lang.IllegalStateException: Topic(s) [NewsInfo, OnlineExam] is/are not present and missingTopicsFatal is true
Caused by: java.lang.IllegalStateException: Topic(s) [NewsInfo, OnlineExam] is/are not present and missingTopicsFatal is true

